

================================================================
== Vivado HLS Report for 'xFFastCornerDetectio'
================================================================
* Date:           Thu Apr 23 12:10:58 2020

* Version:        2019.2 (Build 2704478 on Wed Nov 06 22:10:23 MST 2019)
* Project:        fast
* Solution:       solution1
* Product family: zynq
* Target device:  xc7z020-clg484-2


================================================================
== Performance Estimates
================================================================
+ Timing: 
    * Summary: 
    +--------+----------+----------+------------+
    |  Clock |  Target  | Estimated| Uncertainty|
    +--------+----------+----------+------------+
    |ap_clk  | 10.00 ns | 7.117 ns |   2.70 ns  |
    +--------+----------+----------+------------+

+ Latency: 
    * Summary: 
    +---------+---------+-----------+-----------+---------+---------+----------+
    |  Latency (cycles) |   Latency (absolute)  |      Interval     | Pipeline |
    |   min   |   max   |    min    |    max    |   min   |   max   |   Type   |
    +---------+---------+-----------+-----------+---------+---------+----------+
    |  8361896|  8361896| 83.619 ms | 83.619 ms |  8361897|  8361897| dataflow |
    +---------+---------+-----------+-----------+---------+---------+----------+

    + Detail: 
        * Instance: 
        +------------------+---------------+---------+---------+-----------+-----------+---------+---------+---------+
        |                  |               |  Latency (cycles) |   Latency (absolute)  |      Interval     | Pipeline|
        |     Instance     |     Module    |   min   |   max   |    min    |    max    |   min   |   max   |   Type  |
        +------------------+---------------+---------+---------+-----------+-----------+---------+---------+---------+
        |xFfast7x75682_U0  |xFfast7x75682  |  8361896|  8361896| 83.619 ms | 83.619 ms |  8361896|  8361896|   none  |
        |xFfastnms5781_U0  |xFfastnms5781  |  8328741|  8328741| 83.287 ms | 83.287 ms |  8328741|  8328741|   none  |
        +------------------+---------------+---------+---------+-----------+-----------+---------+---------+---------+

        * Loop: 
        N/A



================================================================
== Utilization Estimates
================================================================
* Summary: 
+-----------------+---------+-------+--------+-------+-----+
|       Name      | BRAM_18K| DSP48E|   FF   |  LUT  | URAM|
+-----------------+---------+-------+--------+-------+-----+
|DSP              |        -|      -|       -|      -|    -|
|Expression       |        -|      -|       0|      1|    -|
|FIFO             |        0|      -|      15|     68|    -|
|Instance         |       20|      -|    5841|   6040|    0|
|Memory           |        -|      -|       -|      -|    -|
|Multiplexer      |        -|      -|       -|      -|    -|
|Register         |        -|      -|       -|      -|    -|
+-----------------+---------+-------+--------+-------+-----+
|Total            |       20|      0|    5856|   6109|    0|
+-----------------+---------+-------+--------+-------+-----+
|Available        |      280|    220|  106400|  53200|    0|
+-----------------+---------+-------+--------+-------+-----+
|Utilization (%)  |        7|      0|       5|     11|    0|
+-----------------+---------+-------+--------+-------+-----+

+ Detail: 
    * Instance: 
    +------------------+---------------+---------+-------+------+------+-----+
    |     Instance     |     Module    | BRAM_18K| DSP48E|  FF  |  LUT | URAM|
    +------------------+---------------+---------+-------+------+------+-----+
    |xFfast7x75682_U0  |xFfast7x75682  |       14|      0|  5143|  5282|    0|
    |xFfastnms5781_U0  |xFfastnms5781  |        6|      0|   698|   758|    0|
    +------------------+---------------+---------+-------+------+------+-----+
    |Total             |               |       20|      0|  5841|  6040|    0|
    +------------------+---------------+---------+-------+------+------+-----+

    * DSP48E: 
    N/A

    * Memory: 
    N/A

    * FIFO: 
    +--------------------+---------+---+----+-----+------+-----+---------+
    |        Name        | BRAM_18K| FF| LUT| URAM| Depth| Bits| Size:D*B|
    +--------------------+---------+---+----+-----+------+-----+---------+
    |p_dst_data_V_U      |        0|  5|   0|    -|     2|    8|       16|
    |p_image_height_c_U  |        0|  5|   0|    -|     2|   12|       24|
    |p_image_width_c_U   |        0|  5|   0|    -|     2|   12|       24|
    +--------------------+---------+---+----+-----+------+-----+---------+
    |Total               |        0| 15|   0|    0|     6|   32|       64|
    +--------------------+---------+---+----+-----+------+-----+---------+

    * Expression: 
    +--------------+----------+-------+---+----+------------+------------+
    | Variable Name| Operation| DSP48E| FF| LUT| Bitwidth P0| Bitwidth P1|
    +--------------+----------+-------+---+----+------------+------------+
    |ap_idle       |    and   |      0|  0|   1|           1|           1|
    +--------------+----------+-------+---+----+------------+------------+
    |Total         |          |      0|  0|   1|           1|           1|
    +--------------+----------+-------+---+----+------------+------------+

    * Multiplexer: 
    N/A

    * Register: 
    N/A



================================================================
== Interface
================================================================
* Summary: 
+--------------------------+-----+-----+------------+----------------------+--------------+
|         RTL Ports        | Dir | Bits|  Protocol  |     Source Object    |    C Type    |
+--------------------------+-----+-----+------------+----------------------+--------------+
|p_src_mat_data_V_dout     |  in |    8|   ap_fifo  |   p_src_mat_data_V   |    pointer   |
|p_src_mat_data_V_empty_n  |  in |    1|   ap_fifo  |   p_src_mat_data_V   |    pointer   |
|p_src_mat_data_V_read     | out |    1|   ap_fifo  |   p_src_mat_data_V   |    pointer   |
|p_dst_mat_data_V_din      | out |    1|   ap_fifo  |   p_dst_mat_data_V   |    pointer   |
|p_dst_mat_data_V_full_n   |  in |    1|   ap_fifo  |   p_dst_mat_data_V   |    pointer   |
|p_dst_mat_data_V_write    | out |    1|   ap_fifo  |   p_dst_mat_data_V   |    pointer   |
|p_image_height            |  in |   16|   ap_none  |    p_image_height    |    scalar    |
|p_image_height_ap_vld     |  in |    1|   ap_none  |    p_image_height    |    scalar    |
|p_image_width             |  in |   16|   ap_none  |     p_image_width    |    scalar    |
|p_image_width_ap_vld      |  in |    1|   ap_none  |     p_image_width    |    scalar    |
|p_threshold               |  in |    8|   ap_none  |      p_threshold     |    scalar    |
|p_threshold_ap_vld        |  in |    1|   ap_none  |      p_threshold     |    scalar    |
|ap_clk                    |  in |    1| ap_ctrl_hs | xFFastCornerDetectio | return value |
|ap_rst                    |  in |    1| ap_ctrl_hs | xFFastCornerDetectio | return value |
|ap_start                  |  in |    1| ap_ctrl_hs | xFFastCornerDetectio | return value |
|ap_done                   | out |    1| ap_ctrl_hs | xFFastCornerDetectio | return value |
|ap_ready                  | out |    1| ap_ctrl_hs | xFFastCornerDetectio | return value |
|ap_idle                   | out |    1| ap_ctrl_hs | xFFastCornerDetectio | return value |
|ap_continue               |  in |    1| ap_ctrl_hs | xFFastCornerDetectio | return value |
+--------------------------+-----+-----+------------+----------------------+--------------+

