

================================================================
== Vivado HLS Report for 'xFFastCornerDetectio'
================================================================
* Date:           Thu Apr 23 12:10:32 2020

* Version:        2019.2 (Build 2704478 on Wed Nov 06 22:10:23 MST 2019)
* Project:        fast
* Solution:       solution1
* Product family: zynq
* Target device:  xc7z020-clg484-2


================================================================
== Performance Estimates
================================================================
+ Timing: 
    * Summary: 
    +--------+----------+----------+------------+
    |  Clock |  Target  | Estimated| Uncertainty|
    +--------+----------+----------+------------+
    |ap_clk  | 10.00 ns | 7.117 ns |   2.70 ns  |
    +--------+----------+----------+------------+

+ Latency: 
    * Summary: 
    +---------+---------+-----------+-----------+---------+---------+----------+
    |  Latency (cycles) |   Latency (absolute)  |      Interval     | Pipeline |
    |   min   |   max   |    min    |    max    |   min   |   max   |   Type   |
    +---------+---------+-----------+-----------+---------+---------+----------+
    |  8361896|  8361896| 83.619 ms | 83.619 ms |  8361897|  8361897| dataflow |
    +---------+---------+-----------+-----------+---------+---------+----------+

    + Detail: 
        * Instance: 
        +-------------------------+---------------+---------+---------+-----------+-----------+---------+---------+---------+
        |                         |               |  Latency (cycles) |   Latency (absolute)  |      Interval     | Pipeline|
        |         Instance        |     Module    |   min   |   max   |    min    |    max    |   min   |   max   |   Type  |
        +-------------------------+---------------+---------+---------+-----------+-----------+---------+---------+---------+
        |grp_xFfast7x75682_fu_78  |xFfast7x75682  |  8361896|  8361896| 83.619 ms | 83.619 ms |  8361896|  8361896|   none  |
        |grp_xFfastnms5781_fu_93  |xFfastnms5781  |  8328741|  8328741| 83.287 ms | 83.287 ms |  8328741|  8328741|   none  |
        +-------------------------+---------------+---------+---------+-----------+-----------+---------+---------+---------+

        * Loop: 
        N/A

============================================================
+ Verbose Summary: Synthesis Manager
============================================================
InlineROM: 1
ExposeGlobal: 0
============================================================
+ Verbose Summary: CDFG Model
============================================================
IsTopModel: 0
ResetActiveHigh: 1
IsCombinational: 2
IsDatapathOnly: 0
HasWiredReturn: 1
HasMFsm: 0
HasVarLatency: 1
IsPipeline: 0
IsRtlPipelined: 0
IsInstanceOverlapped: 0
IsDontTouch: 0
HasImplIP: 0
IsGatedGlobalClock: 0


============================================================
+ Verbose Summary: Schedule
============================================================
* Number of FSM states : 4
* Pipeline : 0
* Dataflow Pipeline: 1
  DF-Pipeline-0: Size = 4, States = { 1 2 3 4 }

* FSM state transitions: 
1 --> 2 
2 --> 3 
3 --> 4 
4 --> 

* FSM state operations: 

State 1 <SV = 0> <Delay = 3.40>
ST_1 : Operation 5 [1/1] (0.00ns)   --->   "%p_threshold_read = call i8 @_ssdm_op_Read.ap_auto.i8(i8 %p_threshold)"   --->   Operation 5 'read' 'p_threshold_read' <Predicate = true> <Delay = 0.00>
ST_1 : Operation 6 [1/1] (0.00ns)   --->   "%p_image_width_read = call i16 @_ssdm_op_Read.ap_auto.i16(i16 %p_image_width)"   --->   Operation 6 'read' 'p_image_width_read' <Predicate = true> <Delay = 0.00>
ST_1 : Operation 7 [1/1] (0.00ns)   --->   "%p_image_height_read = call i16 @_ssdm_op_Read.ap_auto.i16(i16 %p_image_height)"   --->   Operation 7 'read' 'p_image_height_read' <Predicate = true> <Delay = 0.00>
ST_1 : Operation 8 [1/1] (0.00ns)   --->   "%p_image_width_c = alloca i12, align 2"   --->   Operation 8 'alloca' 'p_image_width_c' <Predicate = true> <Delay = 0.00> <Core = "FIFO">   --->   Core 32 'FIFO' <Latency = 0> <II = 1> <Delay = 3.30> <Storage> <Opcode : 'read' 'write' 'nbread' 'nbwrite'> <Ports = 0> <Width = 12> <Depth = 150> <FIFO>
ST_1 : Operation 9 [1/1] (0.00ns)   --->   "%p_image_height_c = alloca i12, align 2"   --->   Operation 9 'alloca' 'p_image_height_c' <Predicate = true> <Delay = 0.00> <Core = "FIFO">   --->   Core 32 'FIFO' <Latency = 0> <II = 1> <Delay = 3.30> <Storage> <Opcode : 'read' 'write' 'nbread' 'nbwrite'> <Ports = 0> <Width = 12> <Depth = 150> <FIFO>
ST_1 : Operation 10 [1/1] (0.00ns)   --->   "%p_dst_data_V = alloca i8, align 1" [../vitis_lib/vision/L1/include/features/xf_fast.hpp:914]   --->   Operation 10 'alloca' 'p_dst_data_V' <Predicate = true> <Delay = 0.00> <Core = "FIFO">   --->   Core 32 'FIFO' <Latency = 0> <II = 1> <Delay = 3.30> <Storage> <Opcode : 'read' 'write' 'nbread' 'nbwrite'> <Ports = 0> <Width = 12> <Depth = 150> <FIFO>
ST_1 : Operation 11 [2/2] (3.40ns)   --->   "call void @xFfast7x75682(i8* %p_src_mat_data_V, i8* %p_dst_data_V, i16 %p_image_height_read, i16 %p_image_width_read, i8 %p_threshold_read, i12* %p_image_height_c, i12* %p_image_width_c)" [../vitis_lib/vision/L1/include/features/xf_fast.hpp:922]   --->   Operation 11 'call' <Predicate = true> <Delay = 3.40> <CoreType = "Generic">   --->   Core 0 '' <Latency = 0> <II = 1> <Delay = 1.00> <Generic> <Opcode : >

State 2 <SV = 1> <Delay = 0.00>
ST_2 : Operation 12 [1/2] (0.00ns)   --->   "call void @xFfast7x75682(i8* %p_src_mat_data_V, i8* %p_dst_data_V, i16 %p_image_height_read, i16 %p_image_width_read, i8 %p_threshold_read, i12* %p_image_height_c, i12* %p_image_width_c)" [../vitis_lib/vision/L1/include/features/xf_fast.hpp:922]   --->   Operation 12 'call' <Predicate = true> <Delay = 0.00> <CoreType = "Generic">   --->   Core 0 '' <Latency = 0> <II = 1> <Delay = 1.00> <Generic> <Opcode : >

State 3 <SV = 2> <Delay = 0.00>
ST_3 : Operation 13 [2/2] (0.00ns)   --->   "call fastcc void @xFfastnms5781(i8* %p_dst_data_V, i1* %p_dst_mat_data_V, i12* %p_image_height_c, i12* %p_image_width_c)" [../vitis_lib/vision/L1/include/features/xf_fast.hpp:924]   --->   Operation 13 'call' <Predicate = true> <Delay = 0.00> <CoreType = "Generic">   --->   Core 0 '' <Latency = 0> <II = 1> <Delay = 1.00> <Generic> <Opcode : >

State 4 <SV = 3> <Delay = 0.00>
ST_4 : Operation 14 [1/1] (0.00ns)   --->   "call void (...)* @_ssdm_op_SpecInterface(i8* %p_src_mat_data_V, [8 x i8]* @ap_fifo_str, i32 0, i32 0, [1 x i8]* @p_str, i32 0, i32 0, [1 x i8]* @p_str, [1 x i8]* @p_str, [1 x i8]* @p_str, i32 2, i32 2, i32 16, i32 16, [1 x i8]* @p_str, [1 x i8]* @p_str)"   --->   Operation 14 'specinterface' <Predicate = true> <Delay = 0.00>
ST_4 : Operation 15 [1/1] (0.00ns)   --->   "call void (...)* @_ssdm_op_SpecInterface(i1* %p_dst_mat_data_V, [8 x i8]* @ap_fifo_str, i32 0, i32 0, [1 x i8]* @p_str, i32 0, i32 0, [1 x i8]* @p_str, [1 x i8]* @p_str, [1 x i8]* @p_str, i32 2, i32 2, i32 16, i32 16, [1 x i8]* @p_str, [1 x i8]* @p_str)"   --->   Operation 15 'specinterface' <Predicate = true> <Delay = 0.00>
ST_4 : Operation 16 [1/1] (0.00ns)   --->   "call void (...)* @_ssdm_op_SpecDataflowPipeline(i32 -1, i32 0, [1 x i8]* @p_str) nounwind" [../vitis_lib/vision/L1/include/features/xf_fast.hpp:920]   --->   Operation 16 'specdataflowpipeline' <Predicate = true> <Delay = 0.00>
ST_4 : Operation 17 [1/1] (0.00ns)   --->   "%empty = call i32 (...)* @_ssdm_op_SpecChannel([20 x i8]* @p_dst_OC_data_OC_V_OC, i32 1, [1 x i8]* @p_str, [1 x i8]* @p_str, i32 2, i32 8294400, i8* %p_dst_data_V, i8* %p_dst_data_V)"   --->   Operation 17 'specchannel' 'empty' <Predicate = true> <Delay = 0.00>
ST_4 : Operation 18 [1/1] (0.00ns)   --->   "call void (...)* @_ssdm_op_SpecInterface(i8* %p_dst_data_V, [8 x i8]* @ap_fifo_str, i32 0, i32 0, [1 x i8]* @p_str, i32 0, i32 0, [1 x i8]* @p_str, [1 x i8]* @p_str, [1 x i8]* @p_str, i32 2, i32 2, i32 16, i32 16, [1 x i8]* @p_str, [1 x i8]* @p_str)"   --->   Operation 18 'specinterface' <Predicate = true> <Delay = 0.00>
ST_4 : Operation 19 [1/1] (0.00ns)   --->   "%empty_20 = call i32 (...)* @_ssdm_op_SpecChannel([16 x i8]* @p_image_height_c_str, i32 1, [1 x i8]* @p_str, [1 x i8]* @p_str, i32 2, i32 0, i12* %p_image_height_c, i12* %p_image_height_c)"   --->   Operation 19 'specchannel' 'empty_20' <Predicate = true> <Delay = 0.00>
ST_4 : Operation 20 [1/1] (0.00ns)   --->   "call void (...)* @_ssdm_op_SpecInterface(i12* %p_image_height_c, [8 x i8]* @ap_fifo_str, i32 0, i32 0, [1 x i8]* @p_str, i32 0, i32 0, [1 x i8]* @p_str, [1 x i8]* @p_str, [1 x i8]* @p_str, i32 2, i32 2, i32 16, i32 16, [1 x i8]* @p_str, [1 x i8]* @p_str)"   --->   Operation 20 'specinterface' <Predicate = true> <Delay = 0.00>
ST_4 : Operation 21 [1/1] (0.00ns)   --->   "%empty_21 = call i32 (...)* @_ssdm_op_SpecChannel([15 x i8]* @p_image_width_c_str, i32 1, [1 x i8]* @p_str, [1 x i8]* @p_str, i32 2, i32 0, i12* %p_image_width_c, i12* %p_image_width_c)"   --->   Operation 21 'specchannel' 'empty_21' <Predicate = true> <Delay = 0.00>
ST_4 : Operation 22 [1/1] (0.00ns)   --->   "call void (...)* @_ssdm_op_SpecInterface(i12* %p_image_width_c, [8 x i8]* @ap_fifo_str, i32 0, i32 0, [1 x i8]* @p_str, i32 0, i32 0, [1 x i8]* @p_str, [1 x i8]* @p_str, [1 x i8]* @p_str, i32 2, i32 2, i32 16, i32 16, [1 x i8]* @p_str, [1 x i8]* @p_str)"   --->   Operation 22 'specinterface' <Predicate = true> <Delay = 0.00>
ST_4 : Operation 23 [1/2] (0.00ns)   --->   "call fastcc void @xFfastnms5781(i8* %p_dst_data_V, i1* %p_dst_mat_data_V, i12* %p_image_height_c, i12* %p_image_width_c)" [../vitis_lib/vision/L1/include/features/xf_fast.hpp:924]   --->   Operation 23 'call' <Predicate = true> <Delay = 0.00> <CoreType = "Generic">   --->   Core 0 '' <Latency = 0> <II = 1> <Delay = 1.00> <Generic> <Opcode : >
ST_4 : Operation 24 [1/1] (0.00ns)   --->   "ret void" [../vitis_lib/vision/L1/include/features/xf_fast.hpp:933]   --->   Operation 24 'ret' <Predicate = true> <Delay = 0.00>


============================================================
+ Verbose Summary: Binding
============================================================
STG Binding: 
---------------- STG Properties BEGIN ----------------
- Is combinational: 0
- Is one-state seq: 0
- Is datapath-only: 0
- Is pipelined: 0
- Is top level: 0
Port [ Return ] is wired: 1; IO mode=ap_ctrl_hs:ce=0
Port [ p_src_mat_data_V]:  wired=1; compound=1; hidden=0; nouse=0; global=0; static=0; extern=0; dir=0; type=3; pingpong=0; private_global=0; IO mode=ap_fifo:ce=0
Port [ p_dst_mat_data_V]:  wired=1; compound=1; hidden=0; nouse=0; global=0; static=0; extern=0; dir=1; type=3; pingpong=0; private_global=0; IO mode=ap_fifo:ce=0
Port [ p_image_height]:  wired=1; compound=0; hidden=0; nouse=0; global=0; static=0; extern=0; dir=0; type=0; pingpong=0; private_global=0; IO mode=ap_none:ce=0
Port [ p_image_width]:  wired=1; compound=0; hidden=0; nouse=0; global=0; static=0; extern=0; dir=0; type=0; pingpong=0; private_global=0; IO mode=ap_none:ce=0
Port [ p_threshold]:  wired=1; compound=0; hidden=0; nouse=0; global=0; static=0; extern=0; dir=0; type=0; pingpong=0; private_global=0; IO mode=ap_none:ce=0
---------------- STG Properties END ------------------

---------------- Datapath Model BEGIN ----------------

<LifeTime>
<method=bitvector/>
p_threshold_read           (read                ) [ 00100]
p_image_width_read         (read                ) [ 00100]
p_image_height_read        (read                ) [ 00100]
p_image_width_c            (alloca              ) [ 01111]
p_image_height_c           (alloca              ) [ 01111]
p_dst_data_V               (alloca              ) [ 01111]
call_ln922                 (call                ) [ 00000]
specinterface_ln0          (specinterface       ) [ 00000]
specinterface_ln0          (specinterface       ) [ 00000]
specdataflowpipeline_ln920 (specdataflowpipeline) [ 00000]
empty                      (specchannel         ) [ 00000]
specinterface_ln0          (specinterface       ) [ 00000]
empty_20                   (specchannel         ) [ 00000]
specinterface_ln0          (specinterface       ) [ 00000]
empty_21                   (specchannel         ) [ 00000]
specinterface_ln0          (specinterface       ) [ 00000]
call_ln924                 (call                ) [ 00000]
ret_ln933                  (ret                 ) [ 00000]
</LifeTime>

<model>

<comp_list>
<comp id="0" class="1000" name="p_src_mat_data_V">
<pin_list>
<pin id="1" dir="1" index="0" bw="1" slack="0"/>
</pin_list>
<bind>
<StgValue><ssdm name="p_src_mat_data_V"/></StgValue>
</bind>
</comp>

<comp id="2" class="1000" name="p_dst_mat_data_V">
<pin_list>
<pin id="3" dir="1" index="0" bw="1" slack="0"/>
</pin_list>
<bind>
<StgValue><ssdm name="p_dst_mat_data_V"/></StgValue>
</bind>
</comp>

<comp id="4" class="1000" name="p_image_height">
<pin_list>
<pin id="5" dir="1" index="0" bw="1" slack="0"/>
</pin_list>
<bind>
<StgValue><ssdm name="p_image_height"/></StgValue>
</bind>
</comp>

<comp id="6" class="1000" name="p_image_width">
<pin_list>
<pin id="7" dir="1" index="0" bw="1" slack="0"/>
</pin_list>
<bind>
<StgValue><ssdm name="p_image_width"/></StgValue>
</bind>
</comp>

<comp id="8" class="1000" name="p_threshold">
<pin_list>
<pin id="9" dir="1" index="0" bw="1" slack="0"/>
</pin_list>
<bind>
<StgValue><ssdm name="p_threshold"/></StgValue>
</bind>
</comp>

<comp id="10" class="1001" name="const_10">
<pin_list>
<pin id="11" dir="1" index="0" bw="1" slack="0"/>
</pin_list>
<bind>
<StgValue><ssdm name="_ssdm_op_Read.ap_auto.i8"/></StgValue>
</bind>
</comp>

<comp id="12" class="1001" name="const_12">
<pin_list>
<pin id="13" dir="1" index="0" bw="1" slack="0"/>
</pin_list>
<bind>
<StgValue><ssdm name="_ssdm_op_Read.ap_auto.i16"/></StgValue>
</bind>
</comp>

<comp id="14" class="1001" name="const_14">
<pin_list>
<pin id="15" dir="1" index="0" bw="1" slack="0"/>
</pin_list>
<bind>
<StgValue><ssdm name=""/></StgValue>
</bind>
</comp>

<comp id="16" class="1001" name="const_16">
<pin_list>
<pin id="17" dir="1" index="0" bw="1" slack="0"/>
</pin_list>
<bind>
<StgValue><ssdm name="xFfast7x75682"/></StgValue>
</bind>
</comp>

<comp id="18" class="1001" name="const_18">
<pin_list>
<pin id="19" dir="1" index="0" bw="1" slack="0"/>
</pin_list>
<bind>
<StgValue><ssdm name="xFfastnms5781"/></StgValue>
</bind>
</comp>

<comp id="20" class="1001" name="const_20">
<pin_list>
<pin id="21" dir="1" index="0" bw="1" slack="2147483647"/>
</pin_list>
<bind>
<StgValue><ssdm name="_ssdm_op_SpecInterface"/></StgValue>
</bind>
</comp>

<comp id="22" class="1001" name="const_22">
<pin_list>
<pin id="23" dir="1" index="0" bw="1" slack="2147483647"/>
</pin_list>
<bind>
<StgValue><ssdm name="ap_fifo_str"/></StgValue>
</bind>
</comp>

<comp id="24" class="1001" name="const_24">
<pin_list>
<pin id="25" dir="1" index="0" bw="1" slack="2147483647"/>
</pin_list>
<bind>
<StgValue><ssdm name=""/></StgValue>
</bind>
</comp>

<comp id="26" class="1001" name="const_26">
<pin_list>
<pin id="27" dir="1" index="0" bw="1" slack="2147483647"/>
</pin_list>
<bind>
<StgValue><ssdm name="p_str"/></StgValue>
</bind>
</comp>

<comp id="28" class="1001" name="const_28">
<pin_list>
<pin id="29" dir="1" index="0" bw="1" slack="2147483647"/>
</pin_list>
<bind>
<StgValue><ssdm name=""/></StgValue>
</bind>
</comp>

<comp id="30" class="1001" name="const_30">
<pin_list>
<pin id="31" dir="1" index="0" bw="1" slack="2147483647"/>
</pin_list>
<bind>
<StgValue><ssdm name=""/></StgValue>
</bind>
</comp>

<comp id="32" class="1001" name="const_32">
<pin_list>
<pin id="33" dir="1" index="0" bw="1" slack="2147483647"/>
</pin_list>
<bind>
<StgValue><ssdm name="_ssdm_op_SpecDataflowPipeline"/></StgValue>
</bind>
</comp>

<comp id="34" class="1001" name="const_34">
<pin_list>
<pin id="35" dir="1" index="0" bw="1" slack="2147483647"/>
</pin_list>
<bind>
<StgValue><ssdm name=""/></StgValue>
</bind>
</comp>

<comp id="36" class="1001" name="const_36">
<pin_list>
<pin id="37" dir="1" index="0" bw="1" slack="2147483647"/>
</pin_list>
<bind>
<StgValue><ssdm name="_ssdm_op_SpecChannel"/></StgValue>
</bind>
</comp>

<comp id="38" class="1001" name="const_38">
<pin_list>
<pin id="39" dir="1" index="0" bw="1" slack="2147483647"/>
</pin_list>
<bind>
<StgValue><ssdm name="p_dst_OC_data_OC_V_OC"/></StgValue>
</bind>
</comp>

<comp id="40" class="1001" name="const_40">
<pin_list>
<pin id="41" dir="1" index="0" bw="1" slack="2147483647"/>
</pin_list>
<bind>
<StgValue><ssdm name=""/></StgValue>
</bind>
</comp>

<comp id="42" class="1001" name="const_42">
<pin_list>
<pin id="43" dir="1" index="0" bw="1" slack="2147483647"/>
</pin_list>
<bind>
<StgValue><ssdm name=""/></StgValue>
</bind>
</comp>

<comp id="44" class="1001" name="const_44">
<pin_list>
<pin id="45" dir="1" index="0" bw="1" slack="2147483647"/>
</pin_list>
<bind>
<StgValue><ssdm name="p_image_height_c_str"/></StgValue>
</bind>
</comp>

<comp id="46" class="1001" name="const_46">
<pin_list>
<pin id="47" dir="1" index="0" bw="1" slack="2147483647"/>
</pin_list>
<bind>
<StgValue><ssdm name="p_image_width_c_str"/></StgValue>
</bind>
</comp>

<comp id="48" class="1004" name="p_image_width_c_fu_48">
<pin_list>
<pin id="49" dir="0" index="0" bw="1" slack="0"/>
<pin id="50" dir="1" index="1" bw="12" slack="0"/>
</pin_list>
<bind>
<opcode="alloca(26) " fcode="alloca"/>
<opset="p_image_width_c/1 "/>
</bind>
</comp>

<comp id="52" class="1004" name="p_image_height_c_fu_52">
<pin_list>
<pin id="53" dir="0" index="0" bw="1" slack="0"/>
<pin id="54" dir="1" index="1" bw="12" slack="0"/>
</pin_list>
<bind>
<opcode="alloca(26) " fcode="alloca"/>
<opset="p_image_height_c/1 "/>
</bind>
</comp>

<comp id="56" class="1004" name="p_dst_data_V_fu_56">
<pin_list>
<pin id="57" dir="0" index="0" bw="1" slack="0"/>
<pin id="58" dir="1" index="1" bw="8" slack="0"/>
</pin_list>
<bind>
<opcode="alloca(26) " fcode="alloca"/>
<opset="p_dst_data_V/1 "/>
</bind>
</comp>

<comp id="60" class="1004" name="p_threshold_read_read_fu_60">
<pin_list>
<pin id="61" dir="0" index="0" bw="8" slack="0"/>
<pin id="62" dir="0" index="1" bw="8" slack="0"/>
<pin id="63" dir="1" index="2" bw="8" slack="0"/>
</pin_list>
<bind>
<opcode="read(1150) " fcode="read"/>
<opset="p_threshold_read/1 "/>
</bind>
</comp>

<comp id="66" class="1004" name="p_image_width_read_read_fu_66">
<pin_list>
<pin id="67" dir="0" index="0" bw="16" slack="0"/>
<pin id="68" dir="0" index="1" bw="16" slack="0"/>
<pin id="69" dir="1" index="2" bw="16" slack="0"/>
</pin_list>
<bind>
<opcode="read(1150) " fcode="read"/>
<opset="p_image_width_read/1 "/>
</bind>
</comp>

<comp id="72" class="1004" name="p_image_height_read_read_fu_72">
<pin_list>
<pin id="73" dir="0" index="0" bw="16" slack="0"/>
<pin id="74" dir="0" index="1" bw="16" slack="0"/>
<pin id="75" dir="1" index="2" bw="16" slack="0"/>
</pin_list>
<bind>
<opcode="read(1150) " fcode="read"/>
<opset="p_image_height_read/1 "/>
</bind>
</comp>

<comp id="78" class="1004" name="grp_xFfast7x75682_fu_78">
<pin_list>
<pin id="79" dir="0" index="0" bw="0" slack="0"/>
<pin id="80" dir="0" index="1" bw="8" slack="0"/>
<pin id="81" dir="0" index="2" bw="8" slack="0"/>
<pin id="82" dir="0" index="3" bw="16" slack="0"/>
<pin id="83" dir="0" index="4" bw="16" slack="0"/>
<pin id="84" dir="0" index="5" bw="8" slack="0"/>
<pin id="85" dir="0" index="6" bw="12" slack="0"/>
<pin id="86" dir="0" index="7" bw="12" slack="0"/>
<pin id="87" dir="1" index="8" bw="0" slack="2147483647"/>
</pin_list>
<bind>
<opcode="call(48) " fcode="call"/>
<opset="call_ln922/1 "/>
</bind>
</comp>

<comp id="93" class="1004" name="grp_xFfastnms5781_fu_93">
<pin_list>
<pin id="94" dir="0" index="0" bw="0" slack="0"/>
<pin id="95" dir="0" index="1" bw="8" slack="2"/>
<pin id="96" dir="0" index="2" bw="1" slack="0"/>
<pin id="97" dir="0" index="3" bw="12" slack="2"/>
<pin id="98" dir="0" index="4" bw="12" slack="2"/>
<pin id="99" dir="1" index="5" bw="0" slack="2147483647"/>
</pin_list>
<bind>
<opcode="call(48) " fcode="call"/>
<opset="call_ln924/3 "/>
</bind>
</comp>

<comp id="102" class="1005" name="p_threshold_read_reg_102">
<pin_list>
<pin id="103" dir="0" index="0" bw="8" slack="1"/>
<pin id="104" dir="1" index="1" bw="8" slack="1"/>
</pin_list>
<bind>
<opset="p_threshold_read "/>
</bind>
</comp>

<comp id="107" class="1005" name="p_image_width_read_reg_107">
<pin_list>
<pin id="108" dir="0" index="0" bw="16" slack="1"/>
<pin id="109" dir="1" index="1" bw="16" slack="1"/>
</pin_list>
<bind>
<opset="p_image_width_read "/>
</bind>
</comp>

<comp id="112" class="1005" name="p_image_height_read_reg_112">
<pin_list>
<pin id="113" dir="0" index="0" bw="16" slack="1"/>
<pin id="114" dir="1" index="1" bw="16" slack="1"/>
</pin_list>
<bind>
<opset="p_image_height_read "/>
</bind>
</comp>

<comp id="117" class="1005" name="p_image_width_c_reg_117">
<pin_list>
<pin id="118" dir="0" index="0" bw="12" slack="0"/>
<pin id="119" dir="1" index="1" bw="12" slack="0"/>
</pin_list>
<bind>
<opset="p_image_width_c "/>
</bind>
</comp>

<comp id="123" class="1005" name="p_image_height_c_reg_123">
<pin_list>
<pin id="124" dir="0" index="0" bw="12" slack="0"/>
<pin id="125" dir="1" index="1" bw="12" slack="0"/>
</pin_list>
<bind>
<opset="p_image_height_c "/>
</bind>
</comp>

<comp id="129" class="1005" name="p_dst_data_V_reg_129">
<pin_list>
<pin id="130" dir="0" index="0" bw="8" slack="0"/>
<pin id="131" dir="1" index="1" bw="8" slack="0"/>
</pin_list>
<bind>
<opset="p_dst_data_V "/>
</bind>
</comp>

</comp_list>

<net_list>
<net id="51"><net_src comp="14" pin="0"/><net_sink comp="48" pin=0"/></net>

<net id="55"><net_src comp="14" pin="0"/><net_sink comp="52" pin=0"/></net>

<net id="59"><net_src comp="14" pin="0"/><net_sink comp="56" pin=0"/></net>

<net id="64"><net_src comp="10" pin="0"/><net_sink comp="60" pin=0"/></net>

<net id="65"><net_src comp="8" pin="0"/><net_sink comp="60" pin=1"/></net>

<net id="70"><net_src comp="12" pin="0"/><net_sink comp="66" pin=0"/></net>

<net id="71"><net_src comp="6" pin="0"/><net_sink comp="66" pin=1"/></net>

<net id="76"><net_src comp="12" pin="0"/><net_sink comp="72" pin=0"/></net>

<net id="77"><net_src comp="4" pin="0"/><net_sink comp="72" pin=1"/></net>

<net id="88"><net_src comp="16" pin="0"/><net_sink comp="78" pin=0"/></net>

<net id="89"><net_src comp="0" pin="0"/><net_sink comp="78" pin=1"/></net>

<net id="90"><net_src comp="72" pin="2"/><net_sink comp="78" pin=3"/></net>

<net id="91"><net_src comp="66" pin="2"/><net_sink comp="78" pin=4"/></net>

<net id="92"><net_src comp="60" pin="2"/><net_sink comp="78" pin=5"/></net>

<net id="100"><net_src comp="18" pin="0"/><net_sink comp="93" pin=0"/></net>

<net id="101"><net_src comp="2" pin="0"/><net_sink comp="93" pin=2"/></net>

<net id="105"><net_src comp="60" pin="2"/><net_sink comp="102" pin=0"/></net>

<net id="106"><net_src comp="102" pin="1"/><net_sink comp="78" pin=5"/></net>

<net id="110"><net_src comp="66" pin="2"/><net_sink comp="107" pin=0"/></net>

<net id="111"><net_src comp="107" pin="1"/><net_sink comp="78" pin=4"/></net>

<net id="115"><net_src comp="72" pin="2"/><net_sink comp="112" pin=0"/></net>

<net id="116"><net_src comp="112" pin="1"/><net_sink comp="78" pin=3"/></net>

<net id="120"><net_src comp="48" pin="1"/><net_sink comp="117" pin=0"/></net>

<net id="121"><net_src comp="117" pin="1"/><net_sink comp="78" pin=7"/></net>

<net id="122"><net_src comp="117" pin="1"/><net_sink comp="93" pin=4"/></net>

<net id="126"><net_src comp="52" pin="1"/><net_sink comp="123" pin=0"/></net>

<net id="127"><net_src comp="123" pin="1"/><net_sink comp="78" pin=6"/></net>

<net id="128"><net_src comp="123" pin="1"/><net_sink comp="93" pin=3"/></net>

<net id="132"><net_src comp="56" pin="1"/><net_sink comp="129" pin=0"/></net>

<net id="133"><net_src comp="129" pin="1"/><net_sink comp="78" pin=2"/></net>

<net id="134"><net_src comp="129" pin="1"/><net_sink comp="93" pin=1"/></net>

</net_list>

</model> 
---------------- Datapath Model END ------------------

* FSMD analyzer results:
  - Output states:
	Port: p_dst_mat_data_V | {3 4 }
 - Input state : 
	Port: xFFastCornerDetectio : p_src_mat_data_V | {1 2 }
	Port: xFFastCornerDetectio : p_image_height | {1 }
	Port: xFFastCornerDetectio : p_image_width | {1 }
	Port: xFFastCornerDetectio : p_threshold | {1 }
  - Chain level:
	State 1
		call_ln922 : 1
	State 2
	State 3
	State 4


============================================================
+ Verbose Summary: Datapath Resource usage 
============================================================

* Functional unit list:
|----------|--------------------------------|---------|---------|---------|---------|---------|
| Operation|         Functional Unit        |   BRAM  |  Delay  |    FF   |   LUT   |   URAM  |
|----------|--------------------------------|---------|---------|---------|---------|---------|
|   call   |     grp_xFfast7x75682_fu_78    |    14   |  27.546 |   2274  |   3440  |    0    |
|          |     grp_xFfastnms5781_fu_93    |    6    |  10.107 |   872   |   597   |    0    |
|----------|--------------------------------|---------|---------|---------|---------|---------|
|          |   p_threshold_read_read_fu_60  |    0    |    0    |    0    |    0    |    0    |
|   read   |  p_image_width_read_read_fu_66 |    0    |    0    |    0    |    0    |    0    |
|          | p_image_height_read_read_fu_72 |    0    |    0    |    0    |    0    |    0    |
|----------|--------------------------------|---------|---------|---------|---------|---------|
|   Total  |                                |    20   |  37.653 |   3146  |   4037  |    0    |
|----------|--------------------------------|---------|---------|---------|---------|---------|

Memories:
N/A

* Register list:
+---------------------------+--------+
|                           |   FF   |
+---------------------------+--------+
|    p_dst_data_V_reg_129   |    8   |
|  p_image_height_c_reg_123 |   12   |
|p_image_height_read_reg_112|   16   |
|  p_image_width_c_reg_117  |   12   |
| p_image_width_read_reg_107|   16   |
|  p_threshold_read_reg_102 |    8   |
+---------------------------+--------+
|           Total           |   72   |
+---------------------------+--------+

* Multiplexer (MUX) list: 
|-------------------------|------|------|------|--------||---------||---------|
|           Comp          |  Pin | Size |  BW  | S x BW ||  Delay  ||   LUT   |
|-------------------------|------|------|------|--------||---------||---------|
| grp_xFfast7x75682_fu_78 |  p3  |   2  |  16  |   32   ||    3    |
| grp_xFfast7x75682_fu_78 |  p4  |   2  |  16  |   32   ||    3    |
| grp_xFfast7x75682_fu_78 |  p5  |   2  |   8  |   16   ||    3    |
|-------------------------|------|------|------|--------||---------||---------|
|          Total          |      |      |      |   80   ||  1.398  ||    9    |
|-------------------------|------|------|------|--------||---------||---------|



* Summary:
+-----------+--------+--------+--------+--------+--------+
|           |  BRAM  |  Delay |   FF   |   LUT  |  URAM  |
+-----------+--------+--------+--------+--------+--------+
|  Function |   20   |   37   |  3146  |  4037  |    0   |
|   Memory  |    -   |    -   |    -   |    -   |    -   |
|Multiplexer|    -   |    1   |    -   |    9   |    -   |
|  Register |    -   |    -   |   72   |    -   |    -   |
+-----------+--------+--------+--------+--------+--------+
|   Total   |   20   |   39   |  3218  |  4046  |    0   |
+-----------+--------+--------+--------+--------+--------+
